<?xml version="1.0" encoding="UTF-8"?>
<testsuite name="WordPressDashboard"
           tests="7"
           failures="0"
           errors="0"
           skipped="0"
           time="6.373">
  <properties />
  
  
            <testcase name="Dashboard" time="3.240" classname="MyAccount.com.Test.WordPressPageTest" />
                <testcase name="Available_Site" time="0.410" classname="MyAccount.com.Test.WordPressPageTest" />
                <testcase name="Resource_usage" time="2.579" classname="MyAccount.com.Test.WordPressPageTest" />
                <testcase name="Total_Visits_Accross_Site" time="0.020" classname="MyAccount.com.Test.WordPressPageTest" />
                <testcase name="plans_text" time="0.026" classname="MyAccount.com.Test.WordPressPageTest" />
                <testcase name="text" time="0.048" classname="MyAccount.com.Test.WordPressPageTest" />
                <testcase name="Plans_details" time="0.050" classname="MyAccount.com.Test.WordPressPageTest" />
      
</testsuite>
