<?xml version="1.0" encoding="UTF-8"?>
<testng-results skipped="0" failed="0" ignored="0" total="1" passed="1">
  <reporter-output>
  </reporter-output>
  <suite name="Default suite" duration-ms="10173" started-at="2020-03-30T07:47:28Z" finished-at="2020-03-30T07:47:38Z">
    <groups>
    </groups>
    <test name="Default test" duration-ms="10173" started-at="2020-03-30T07:47:28Z" finished-at="2020-03-30T07:47:38Z">
      <class name="MyAccount.com.Test.Spellchecker">
        <test-method status="PASS" signature="main()[pri:1, instance:MyAccount.com.Test.Spellchecker@6ddf90b0]" name="main" duration-ms="10153" started-at="2020-03-30T07:47:28Z" finished-at="2020-03-30T07:47:38Z">
          <reporter-output>
          </reporter-output>
        </test-method> <!-- main -->
      </class> <!-- MyAccount.com.Test.Spellchecker -->
    </test> <!-- Default test -->
  </suite> <!-- Default suite -->
</testng-results>
